CMD get_diff_methyl.R
FLAVOR methylKit

	Configuration file :	DMCs_config_methylKit.txt
	--------------------
		min_coverage=10
		max_coverage=500
		destranded=FALSE
		tiling=FALSE
		tiling_window=1000
		tiling_step=1000
		stat_value=pvalue
		stat_threshold1=0.01
		stat_threshold2=0.05
		methdiff_threshold1=25
		title=Condition A vs B
		output_dir=./out_methylKit
		min_per_group=2
	--------------------
	Thu Nov 17 12:55:08 2016	Read data ...
	Thu Nov 17 12:55:09 2016	Filtering on coverage ...
	Thu Nov 17 12:55:10 2016	Grouping data ...
INFO number of CpGs tested by methylKit=29618
	Thu Nov 17 12:55:11 2016	Calculate methylKit ...
	Thu Nov 17 12:56:09 2016	Produces output ...
RESULT number of DMCs detected by methylKit=5908
OUT ./out_methylKit/MethylKit - Condition A vs B - pvalue0.05.txt
STATUS OK
CMD rename_scaffolds.py
FLAVOR renaming chromosome number with scaffolds
STATUS OK
CMD get_bed_from_methyl.py
	Configuration file :
	--------------------
		stat.value=pvalue
		stat1.threshold=0.01
		stat2.threshold=0.05
		output.dir=./out_methylKit
CMD get_obvious_DMC.py
	Configuration file :
	--------------------
		min_coverage2=10
		max_coverage2=500
		methdiff_threshold2=100.0
	Reading A1 ...
	Reading A2 ...
	Reading B1 ...
	Reading B2 ...
RESULT number of obvious DMCs=268
OUT ./out_methylKit/obvious_DMCs_A1,A2_B1,B2_mincov10_maxcov500_threshold100.0.txt
STATUS OK
CMD merge_DMCs.py
	Configuration file :
	--------------------
		stat.value=pvalue
		stat1.threshold=0.01
		stat2.threshold=0.05
		output.dir=./out_methylKit
INFO number of obvious CpGs added to methylKit=0
OUT ./out_methylKit/MethylKit - Condition A vs B - pvalue0.01 - with obvious DMCs.txt
CMD get_DMRs.py
	Configuration file :
	--------------------
		min_DMCs=3
		max_distance=100
		stat_value=pvalue
		stat_threshold1=0.01
		stat_threshold2=0.05
		output_dir=./out_methylKit
RESULT Number of DMRs identified=729
RESULT Number of extended DMRs identified=729
STATUS OK